[23/7/2025, 18:14:16] Server running on port 5001
[23/7/2025, 18:14:17] MongoDB Connected: ac-hpitsto-shard-00-00.emmkmiu.mongodb.net
[23/7/2025, 18:16:35] Server running on port 5001
[23/7/2025, 18:16:35] MongoDB Connected: ac-hpitsto-shard-00-00.emmkmiu.mongodb.net
[23/7/2025, 18:22:56] Server running on port 5001
[23/7/2025, 18:22:57] MongoDB Connected: ac-hpitsto-shard-00-02.emmkmiu.mongodb.net
[24/7/2025, 18:28:30] Server running on port 5001
[24/7/2025, 18:28:33] MongoDB Connected: ac-hpitsto-shard-00-02.emmkmiu.mongodb.net
[25/7/2025, 10:24:20] Server running on port 5001
[25/7/2025, 10:24:21] MongoDB Connected: ac-hpitsto-shard-00-02.emmkmiu.mongodb.net
[25/7/2025, 10:36:02] Server running on port 5001
[25/7/2025, 10:36:04] MongoDB Connected: ac-hpitsto-shard-00-02.emmkmiu.mongodb.net
[25/7/2025, 11:34:31] Server running on port 5001
[25/7/2025, 11:34:33] MongoDB Connected: ac-hpitsto-shard-00-01.emmkmiu.mongodb.net
[25/7/2025, 11:48:07] Server running on port 5001
[25/7/2025, 11:48:08] MongoDB Connected: ac-hpitsto-shard-00-01.emmkmiu.mongodb.net
[25/7/2025, 12:34:07] Server running on port 5001
[25/7/2025, 12:34:08] MongoDB Connected: ac-hpitsto-shard-00-02.emmkmiu.mongodb.net
[25/7/2025, 12:34:12] Server running on port 5001
[25/7/2025, 12:34:13] MongoDB Connected: ac-hpitsto-shard-00-02.emmkmiu.mongodb.net
[25/7/2025, 12:35:30] Server running on port 5001
[25/7/2025, 12:35:31] MongoDB Connected: ac-hpitsto-shard-00-01.emmkmiu.mongodb.net
[25/7/2025, 12:35:36] Server running on port 5001
[25/7/2025, 12:35:36] MongoDB Connected: ac-hpitsto-shard-00-02.emmkmiu.mongodb.net
[25/7/2025, 12:38:37] Server running on port 5001
[25/7/2025, 12:38:38] MongoDB Connected: ac-hpitsto-shard-00-02.emmkmiu.mongodb.net
[25/7/2025, 12:38:43] Server running on port 5001
[25/7/2025, 12:38:44] MongoDB Connected: ac-hpitsto-shard-00-02.emmkmiu.mongodb.net
[25/7/2025, 12:39:42] Server running on port 5001
[25/7/2025, 12:39:42] MongoDB Connected: ac-hpitsto-shard-00-01.emmkmiu.mongodb.net
[25/7/2025, 12:39:55] Server running on port 5001
[25/7/2025, 12:39:56] MongoDB Connected: ac-hpitsto-shard-00-02.emmkmiu.mongodb.net
[25/7/2025, 12:39:59] Server running on port 5001
[25/7/2025, 12:39:59] MongoDB Connected: ac-hpitsto-shard-00-02.emmkmiu.mongodb.net
[25/7/2025, 12:40:01] Server running on port 5001
[25/7/2025, 12:40:01] MongoDB Connected: ac-hpitsto-shard-00-01.emmkmiu.mongodb.net
[25/7/2025, 12:40:37] Server running on port 5001
[25/7/2025, 12:40:38] MongoDB Connected: ac-hpitsto-shard-00-02.emmkmiu.mongodb.net
[25/7/2025, 12:41:41] Server running on port 5001
[25/7/2025, 12:41:42] MongoDB Connected: ac-hpitsto-shard-00-00.emmkmiu.mongodb.net
[25/7/2025, 12:41:51] Server running on port 5001
[25/7/2025, 12:41:51] MongoDB Connected: ac-hpitsto-shard-00-02.emmkmiu.mongodb.net
[25/7/2025, 12:41:59] Server running on port 5001
[25/7/2025, 12:41:59] MongoDB Connected: ac-hpitsto-shard-00-00.emmkmiu.mongodb.net
[25/7/2025, 12:42:09] Server running on port 5001
[25/7/2025, 12:42:09] MongoDB Connected: ac-hpitsto-shard-00-00.emmkmiu.mongodb.net
[25/7/2025, 12:44:46] Server running on port 5001
[25/7/2025, 12:44:47] MongoDB Connected: ac-hpitsto-shard-00-00.emmkmiu.mongodb.net
[25/7/2025, 12:44:52] Server running on port 5001
[25/7/2025, 12:44:53] MongoDB Connected: ac-hpitsto-shard-00-00.emmkmiu.mongodb.net
[25/7/2025, 12:45:00] Server running on port 5001
[25/7/2025, 12:45:01] MongoDB Connected: ac-hpitsto-shard-00-02.emmkmiu.mongodb.net
[25/7/2025, 12:45:13] Server running on port 5001
[25/7/2025, 12:45:13] MongoDB Connected: ac-hpitsto-shard-00-02.emmkmiu.mongodb.net
[25/7/2025, 13:42:11] Server running on port 5001
[25/7/2025, 13:42:11] MongoDB Connected: ac-hpitsto-shard-00-01.emmkmiu.mongodb.net
[25/7/2025, 13:44:09] Server running on port 5001
[25/7/2025, 13:44:09] MongoDB Connected: ac-hpitsto-shard-00-01.emmkmiu.mongodb.net
[25/7/2025, 13:44:15] Server running on port 5001
[25/7/2025, 13:44:16] MongoDB Connected: ac-hpitsto-shard-00-01.emmkmiu.mongodb.net
[25/7/2025, 13:44:25] Server running on port 5001
[25/7/2025, 13:44:25] MongoDB Connected: ac-hpitsto-shard-00-01.emmkmiu.mongodb.net
[25/7/2025, 13:45:07] Server running on port 5001
[25/7/2025, 13:45:07] MongoDB Connected: ac-hpitsto-shard-00-00.emmkmiu.mongodb.net
[25/7/2025, 13:45:21] Server running on port 5001
[25/7/2025, 13:45:22] MongoDB Connected: ac-hpitsto-shard-00-02.emmkmiu.mongodb.net
[25/7/2025, 13:45:36] Server running on port 5001
[25/7/2025, 13:45:36] MongoDB Connected: ac-hpitsto-shard-00-00.emmkmiu.mongodb.net
[25/7/2025, 13:47:58] Server running on port 5001
[25/7/2025, 13:47:59] Server running on port 5001
[25/7/2025, 13:48:00] MongoDB Connected: ac-hpitsto-shard-00-01.emmkmiu.mongodb.net
[25/7/2025, 13:48:07] Server running on port 5001
[25/7/2025, 13:48:08] MongoDB Connected: ac-hpitsto-shard-00-00.emmkmiu.mongodb.net
[25/7/2025, 13:48:16] Server running on port 5001
[25/7/2025, 13:48:16] MongoDB Connected: ac-hpitsto-shard-00-01.emmkmiu.mongodb.net
[25/7/2025, 13:48:38] Server running on port 5001
[25/7/2025, 13:48:38] MongoDB Connected: ac-hpitsto-shard-00-02.emmkmiu.mongodb.net
[25/7/2025, 13:48:45] Server running on port 5001
[25/7/2025, 13:48:46] MongoDB Connected: ac-hpitsto-shard-00-00.emmkmiu.mongodb.net
[25/7/2025, 13:49:21] Server running on port 5001
[25/7/2025, 13:49:22] MongoDB Connected: ac-hpitsto-shard-00-01.emmkmiu.mongodb.net
[25/7/2025, 13:51:18] Server running on port 5001
[25/7/2025, 13:51:55] Server running on port 5001
[25/7/2025, 13:51:57] MongoDB Connected: ac-hpitsto-shard-00-01.emmkmiu.mongodb.net
[25/7/2025, 13:53:39] Server running on port 5001
[25/7/2025, 13:53:43] MongoDB Connected: ac-hpitsto-shard-00-02.emmkmiu.mongodb.net
[25/7/2025, 13:53:56] Server running on port 5001
[25/7/2025, 13:53:57] MongoDB Connected: ac-hpitsto-shard-00-02.emmkmiu.mongodb.net
[25/7/2025, 13:53:59] Server running on port 5001
[25/7/2025, 13:54:00] MongoDB Connected: ac-hpitsto-shard-00-00.emmkmiu.mongodb.net
[25/7/2025, 15:40:18] Server running on port 5001
[25/7/2025, 15:40:39] Server running on port 5001
[25/7/2025, 15:40:40] MongoDB Connected: ac-hpitsto-shard-00-00.emmkmiu.mongodb.net
[25/7/2025, 15:40:41] Server running on port 5001
[25/7/2025, 15:40:43] MongoDB Connected: ac-hpitsto-shard-00-02.emmkmiu.mongodb.net
[25/7/2025, 15:43:44] Server running on port 5001
[25/7/2025, 15:43:45] MongoDB Connected: ac-hpitsto-shard-00-00.emmkmiu.mongodb.net
[25/7/2025, 15:44:11] Server running on port 5001
[25/7/2025, 15:44:12] MongoDB Connected: ac-hpitsto-shard-00-00.emmkmiu.mongodb.net
[25/7/2025, 15:45:59] Server running on port 5001
[25/7/2025, 15:46:00] MongoDB Connected: ac-hpitsto-shard-00-01.emmkmiu.mongodb.net
[25/7/2025, 15:47:07] Server running on port 5001
[25/7/2025, 15:47:08] MongoDB Connected: ac-hpitsto-shard-00-02.emmkmiu.mongodb.net
[25/7/2025, 15:47:44] Server running on port 5001
[25/7/2025, 15:47:45] MongoDB Connected: ac-hpitsto-shard-00-00.emmkmiu.mongodb.net
[25/7/2025, 15:54:04] Server running on port 5001
[25/7/2025, 15:54:05] MongoDB Connected: ac-hpitsto-shard-00-00.emmkmiu.mongodb.net
[25/7/2025, 15:55:35] Server running on port 5001
[25/7/2025, 15:55:36] MongoDB Connected: ac-hpitsto-shard-00-01.emmkmiu.mongodb.net
[25/7/2025, 15:55:39] Server running on port 5001
[25/7/2025, 15:55:40] MongoDB Connected: ac-hpitsto-shard-00-00.emmkmiu.mongodb.net
[25/7/2025, 15:56:48] Server running on port 5001
[25/7/2025, 15:56:48] MongoDB Connected: ac-hpitsto-shard-00-02.emmkmiu.mongodb.net
[25/7/2025, 15:57:04] Server running on port 5001
[25/7/2025, 15:57:04] MongoDB Connected: ac-hpitsto-shard-00-00.emmkmiu.mongodb.net
[25/7/2025, 15:58:27] Server running on port 5001
[25/7/2025, 15:58:27] MongoDB Connected: ac-hpitsto-shard-00-02.emmkmiu.mongodb.net
[25/7/2025, 16:00:18] Server running on port 5001
[25/7/2025, 16:00:19] MongoDB Connected: ac-hpitsto-shard-00-02.emmkmiu.mongodb.net
[25/7/2025, 16:02:24] Server running on port 5001
[25/7/2025, 16:02:25] MongoDB Connected: ac-hpitsto-shard-00-02.emmkmiu.mongodb.net
[25/7/2025, 16:02:43] Server running on port 5001
[25/7/2025, 16:02:44] MongoDB Connected: ac-hpitsto-shard-00-02.emmkmiu.mongodb.net
[25/7/2025, 16:05:34] Server running on port 5001
[25/7/2025, 16:05:34] MongoDB Connected: ac-hpitsto-shard-00-00.emmkmiu.mongodb.net
[25/7/2025, 16:07:57] Server running on port 5001
[25/7/2025, 16:07:58] MongoDB Connected: ac-hpitsto-shard-00-02.emmkmiu.mongodb.net
[25/7/2025, 16:13:00] Server running on port 5001
[25/7/2025, 16:13:01] MongoDB Connected: ac-hpitsto-shard-00-02.emmkmiu.mongodb.net
[25/7/2025, 16:13:31] Validating body: {"_original":{"name":"jfevekf@@##","metaAccessToken":"47638463sdcececwerve","metaAppId":"jhvckjdcvd"},"details":[{"message":"ID is required.","path":["businessProfileId"],"type":"any.required","context":{"label":"Business Profile ID","key":"businessProfileId"}},{"message":"ID is required.","path":["userId"],"type":"any.required","context":{"label":"User ID","key":"userId"}},{"message":"ID is required.","path":["tenantId"],"type":"any.required","context":{"label":"Tenant ID","key":"tenantId"}},{"message":"Business name must not contain special characters.","path":["name"],"type":"string.pattern.base","context":{"regex":{},"value":"jfevekf@@##","label":"name","key":"name"}},{"message":"Meta App ID should contain only letters and numbers.","path":["metaAppId"],"type":"string.pattern.base","context":{"regex":{},"value":"jhvckjdcvd","label":"metaAppId","key":"metaAppId"}}]}
[25/7/2025, 16:13:56] Server running on port 5001
[25/7/2025, 16:13:56] MongoDB Connected: ac-hpitsto-shard-00-00.emmkmiu.mongodb.net
[25/7/2025, 16:14:14] Server running on port 5001
[25/7/2025, 16:14:15] MongoDB Connected: ac-hpitsto-shard-00-01.emmkmiu.mongodb.net
[25/7/2025, 16:14:27] Server running on port 5001
[25/7/2025, 16:14:27] MongoDB Connected: ac-hpitsto-shard-00-01.emmkmiu.mongodb.net
[25/7/2025, 16:14:30] Validating body: {"_original":{"name":"jfevekf@@##","metaAccessToken":"47638463sdcececwerve","metaAppId":"1234567890"},"details":[{"message":"ID is required.","path":["businessProfileId"],"type":"any.required","context":{"label":"Business Profile ID","key":"businessProfileId"}},{"message":"ID is required.","path":["userId"],"type":"any.required","context":{"label":"User ID","key":"userId"}},{"message":"ID is required.","path":["tenantId"],"type":"any.required","context":{"label":"Tenant ID","key":"tenantId"}},{"message":"Name must not contain special characters.","path":["name"],"type":"string.pattern.base","context":{"regex":{},"value":"jfevekf@@##","label":"name","key":"name"}}]}
[25/7/2025, 16:14:34] Validating body: {"_original":{"name":"jfevekf@@##","metaAccessToken":"47638463sdcececwerve","metaAppId":"1234567890a"},"details":[{"message":"ID is required.","path":["businessProfileId"],"type":"any.required","context":{"label":"Business Profile ID","key":"businessProfileId"}},{"message":"ID is required.","path":["userId"],"type":"any.required","context":{"label":"User ID","key":"userId"}},{"message":"ID is required.","path":["tenantId"],"type":"any.required","context":{"label":"Tenant ID","key":"tenantId"}},{"message":"Name must not contain special characters.","path":["name"],"type":"string.pattern.base","context":{"regex":{},"value":"jfevekf@@##","label":"name","key":"name"}},{"message":"Meta App ID should contain only numbers.","path":["metaAppId"],"type":"string.pattern.base","context":{"regex":{},"value":"1234567890a","label":"metaAppId","key":"metaAppId"}}]}
[25/7/2025, 16:14:41] Validating body: {"_original":{"name":"jfevekf@@##","metaAccessToken":"47638463sdcececwerve","metaAppId":"1234567890!"},"details":[{"message":"ID is required.","path":["businessProfileId"],"type":"any.required","context":{"label":"Business Profile ID","key":"businessProfileId"}},{"message":"ID is required.","path":["userId"],"type":"any.required","context":{"label":"User ID","key":"userId"}},{"message":"ID is required.","path":["tenantId"],"type":"any.required","context":{"label":"Tenant ID","key":"tenantId"}},{"message":"Name must not contain special characters.","path":["name"],"type":"string.pattern.base","context":{"regex":{},"value":"jfevekf@@##","label":"name","key":"name"}},{"message":"Meta App ID should contain only numbers.","path":["metaAppId"],"type":"string.pattern.base","context":{"regex":{},"value":"1234567890!","label":"metaAppId","key":"metaAppId"}}]}
[25/7/2025, 16:16:09] Validating body: {"_original":{"name":"jfevekf@@##","metaAccessToken":"47638463sdcececwerve","metaAppId":"1234567890!"},"details":[{"message":"ID is required.","path":["businessProfileId"],"type":"any.required","context":{"label":"Business Profile ID","key":"businessProfileId"}},{"message":"ID is required.","path":["userId"],"type":"any.required","context":{"label":"User ID","key":"userId"}},{"message":"ID is required.","path":["tenantId"],"type":"any.required","context":{"label":"Tenant ID","key":"tenantId"}},{"message":"Name must not contain special characters.","path":["name"],"type":"string.pattern.base","context":{"regex":{},"value":"jfevekf@@##","label":"name","key":"name"}},{"message":"Meta App ID should contain only numbers.","path":["metaAppId"],"type":"string.pattern.base","context":{"regex":{},"value":"1234567890!","label":"metaAppId","key":"metaAppId"}}]}
[25/7/2025, 16:17:59] Server running on port 5001
[25/7/2025, 16:18:00] MongoDB Connected: ac-hpitsto-shard-00-00.emmkmiu.mongodb.net
[25/7/2025, 16:18:03] Server running on port 5001
[25/7/2025, 16:18:04] MongoDB Connected: ac-hpitsto-shard-00-01.emmkmiu.mongodb.net
[25/7/2025, 16:18:06] Validating body: {"_original":{"name":"jfevekf@@##","metaAccessToken":"47638463sdcececwerve","metaAppId":"1234567890!"},"details":[{"message":"_id is required.","path":["businessProfileId"],"type":"any.required","context":{"label":"businessProfileId","key":"businessProfileId"}},{"message":"userId is required.","path":["userId"],"type":"any.required","context":{"label":"userId","key":"userId"}},{"message":"tenantId is required.","path":["tenantId"],"type":"any.required","context":{"label":"tenantId","key":"tenantId"}},{"message":"Name must not contain special characters.","path":["name"],"type":"string.pattern.base","context":{"regex":{},"value":"jfevekf@@##","label":"name","key":"name"}},{"message":"Meta App ID should contain only numbers.","path":["metaAppId"],"type":"string.pattern.base","context":{"regex":{},"value":"1234567890!","label":"metaAppId","key":"metaAppId"}}]}
[25/7/2025, 16:18:38] Server running on port 5001
[25/7/2025, 16:18:39] MongoDB Connected: ac-hpitsto-shard-00-01.emmkmiu.mongodb.net
[25/7/2025, 16:20:46] Server running on port 5001
[25/7/2025, 16:20:47] MongoDB Connected: ac-hpitsto-shard-00-01.emmkmiu.mongodb.net
[25/7/2025, 16:22:47] Server running on port 5001
[25/7/2025, 16:22:48] MongoDB Connected: ac-hpitsto-shard-00-01.emmkmiu.mongodb.net
[25/7/2025, 16:26:26] Server running on port 5001
[25/7/2025, 16:26:27] MongoDB Connected: ac-hpitsto-shard-00-00.emmkmiu.mongodb.net
[25/7/2025, 16:35:40] Server running on port 5001
[25/7/2025, 16:35:41] MongoDB Connected: ac-hpitsto-shard-00-00.emmkmiu.mongodb.net
[25/7/2025, 17:02:31] Server running on port 5001
[25/7/2025, 17:02:33] MongoDB Connected: ac-hpitsto-shard-00-00.emmkmiu.mongodb.net
[25/7/2025, 17:03:40] Server running on port 5001
[25/7/2025, 17:03:41] MongoDB Connected: ac-hpitsto-shard-00-00.emmkmiu.mongodb.net
[25/7/2025, 17:03:47] Server running on port 5001
[25/7/2025, 17:03:48] MongoDB Connected: ac-hpitsto-shard-00-02.emmkmiu.mongodb.net
[25/7/2025, 17:03:49] Server running on port 5001
[25/7/2025, 17:03:50] MongoDB Connected: ac-hpitsto-shard-00-00.emmkmiu.mongodb.net
[27/7/2025, 14:35:39] Server running on port 5001
[27/7/2025, 14:35:40] MongoDB Connected: ac-hpitsto-shard-00-02.emmkmiu.mongodb.net
[27/7/2025, 14:35:51] Validating body: {"_original":{"name":"","metaAccessToken":"","metaAppId":""},"details":[{"message":"_id is required.","path":["businessProfileId"],"type":"any.required","context":{"label":"businessProfileId","key":"businessProfileId"}},{"message":"userId is required.","path":["userId"],"type":"any.required","context":{"label":"userId","key":"userId"}},{"message":"tenantId is required.","path":["tenantId"],"type":"any.required","context":{"label":"tenantId","key":"tenantId"}},{"message":"\"name\" is not allowed to be empty","path":["name"],"type":"string.empty","context":{"label":"name","value":"","key":"name"}},{"message":"\"metaAccessToken\" is not allowed to be empty","path":["metaAccessToken"],"type":"string.empty","context":{"label":"metaAccessToken","value":"","key":"metaAccessToken"}},{"message":"\"metaAppId\" is not allowed to be empty","path":["metaAppId"],"type":"string.empty","context":{"label":"metaAppId","value":"","key":"metaAppId"}}]}
[27/7/2025, 14:35:56] Server running on port 5001
[27/7/2025, 14:35:57] MongoDB Connected: ac-hpitsto-shard-00-02.emmkmiu.mongodb.net
[27/7/2025, 14:35:59] Validating body: {"_original":{"name":"","metaAccessToken":"","metaAppId":""},"details":[{"message":"_id is required.","path":["businessProfileId"],"type":"any.required","context":{"label":"businessProfileId","key":"businessProfileId"}},{"message":"userId is required.","path":["userId"],"type":"any.required","context":{"label":"userId","key":"userId"}},{"message":"tenantId is required.","path":["tenantId"],"type":"any.required","context":{"label":"tenantId","key":"tenantId"}},{"message":"\"name\" is not allowed to be empty","path":["name"],"type":"string.empty","context":{"label":"name","value":"","key":"name"}},{"message":"\"metaAccessToken\" is not allowed to be empty","path":["metaAccessToken"],"type":"string.empty","context":{"label":"metaAccessToken","value":"","key":"metaAccessToken"}},{"message":"\"metaAppId\" is not allowed to be empty","path":["metaAppId"],"type":"string.empty","context":{"label":"metaAppId","value":"","key":"metaAppId"}}]}
[27/7/2025, 14:36:11] Server running on port 5001
[27/7/2025, 14:36:11] MongoDB Connected: ac-hpitsto-shard-00-01.emmkmiu.mongodb.net
[27/7/2025, 14:36:15] Server running on port 5001
[27/7/2025, 14:36:16] MongoDB Connected: ac-hpitsto-shard-00-01.emmkmiu.mongodb.net
[27/7/2025, 14:36:17] Server running on port 5001
[27/7/2025, 14:36:18] MongoDB Connected: ac-hpitsto-shard-00-00.emmkmiu.mongodb.net
[27/7/2025, 14:36:53] Server running on port 5001
[27/7/2025, 14:36:53] MongoDB Connected: ac-hpitsto-shard-00-01.emmkmiu.mongodb.net
[27/7/2025, 14:37:39] Server running on port 5001
[27/7/2025, 14:37:39] MongoDB Connected: ac-hpitsto-shard-00-01.emmkmiu.mongodb.net
[27/7/2025, 14:38:37] Server running on port 5001
[27/7/2025, 14:38:38] MongoDB Connected: ac-hpitsto-shard-00-00.emmkmiu.mongodb.net
[27/7/2025, 14:38:55] Server running on port 5001
[27/7/2025, 14:38:55] MongoDB Connected: ac-hpitsto-shard-00-00.emmkmiu.mongodb.net
[27/7/2025, 14:39:07] Server running on port 5001
[27/7/2025, 14:39:08] MongoDB Connected: ac-hpitsto-shard-00-02.emmkmiu.mongodb.net
[27/7/2025, 14:39:14] Validating body: {"_original":{"name":"dsdkjbvlkvbw!","metaAccessToken":"d","metaAppId":"d"},"details":[{"message":"Name must not contain special characters.","path":["name"],"type":"string.pattern.base","context":{"regex":{},"value":"dsdkjbvlkvbw!","label":"name","key":"name"}},{"message":"Meta App ID should contain only numbers.","path":["metaAppId"],"type":"string.pattern.base","context":{"regex":{},"value":"d","label":"metaAppId","key":"metaAppId"}}]}
[27/7/2025, 14:39:41] Server running on port 5001
[27/7/2025, 14:39:42] MongoDB Connected: ac-hpitsto-shard-00-01.emmkmiu.mongodb.net
[27/7/2025, 14:39:47] Validating body: {"_original":{"name":"dsdkjbvlkvbw!","metaAccessToken":"d","metaAppId":"d"},"details":[{"message":"Name must not contain special characters.","path":["name"],"type":"string.pattern.base","context":{"regex":{},"value":"dsdkjbvlkvbw!","label":"name","key":"name"}},{"message":"Meta App ID should contain only numbers.","path":["metaAppId"],"type":"string.pattern.base","context":{"regex":{},"value":"d","label":"metaAppId","key":"metaAppId"}}]}
[27/7/2025, 14:39:52] Validating body: {"_original":{"name":"dsdkjbvlkvbw!","metaAccessToken":"d","metaAppId":"1"},"details":[{"message":"Name must not contain special characters.","path":["name"],"type":"string.pattern.base","context":{"regex":{},"value":"dsdkjbvlkvbw!","label":"name","key":"name"}}]}
[27/7/2025, 14:39:56] Validating body: 
[27/7/2025, 14:40:13] Server running on port 5001
[27/7/2025, 14:40:14] MongoDB Connected: ac-hpitsto-shard-00-02.emmkmiu.mongodb.net
[27/7/2025, 14:40:16] Server running on port 5001
[27/7/2025, 14:40:16] MongoDB Connected: ac-hpitsto-shard-00-02.emmkmiu.mongodb.net
[27/7/2025, 14:40:19] Server running on port 5001
[27/7/2025, 14:40:20] MongoDB Connected: ac-hpitsto-shard-00-01.emmkmiu.mongodb.net
[27/7/2025, 14:40:28] Server running on port 5001
[27/7/2025, 14:40:28] MongoDB Connected: ac-hpitsto-shard-00-00.emmkmiu.mongodb.net
[27/7/2025, 14:42:46] Server running on port 5001
[27/7/2025, 14:42:47] MongoDB Connected: ac-hpitsto-shard-00-01.emmkmiu.mongodb.net
[27/7/2025, 14:42:59] Server running on port 5001
[27/7/2025, 14:43:00] MongoDB Connected: ac-hpitsto-shard-00-00.emmkmiu.mongodb.net
[27/7/2025, 14:43:17] Server running on port 5001
[27/7/2025, 14:43:17] MongoDB Connected: ac-hpitsto-shard-00-01.emmkmiu.mongodb.net
[27/7/2025, 14:45:00] Server running on port 5001
[27/7/2025, 14:45:01] MongoDB Connected: ac-hpitsto-shard-00-01.emmkmiu.mongodb.net
[27/7/2025, 14:46:30] Server running on port 5001
[27/7/2025, 14:46:30] MongoDB Connected: ac-hpitsto-shard-00-02.emmkmiu.mongodb.net
[27/7/2025, 14:46:39] Server running on port 5001
[27/7/2025, 14:46:40] MongoDB Connected: ac-hpitsto-shard-00-02.emmkmiu.mongodb.net
[27/7/2025, 14:46:51] Server running on port 5001
[27/7/2025, 14:46:52] MongoDB Connected: ac-hpitsto-shard-00-00.emmkmiu.mongodb.net
[27/7/2025, 14:46:57] Server running on port 5001
[27/7/2025, 14:46:58] MongoDB Connected: ac-hpitsto-shard-00-02.emmkmiu.mongodb.net
[27/7/2025, 14:47:14] Server running on port 5001
[27/7/2025, 14:47:14] MongoDB Connected: ac-hpitsto-shard-00-01.emmkmiu.mongodb.net
[27/7/2025, 14:47:25] Validating body: 
[27/7/2025, 14:47:57] Server running on port 5001
[27/7/2025, 14:47:58] MongoDB Connected: ac-hpitsto-shard-00-00.emmkmiu.mongodb.net
[27/7/2025, 14:48:03] Validating body: 
[27/7/2025, 14:48:40] Server running on port 5001
[27/7/2025, 14:48:40] MongoDB Connected: ac-hpitsto-shard-00-02.emmkmiu.mongodb.net
[27/7/2025, 14:48:42] Validating body: 
[27/7/2025, 14:49:38] Server running on port 5001
[27/7/2025, 14:49:38] MongoDB Connected: ac-hpitsto-shard-00-02.emmkmiu.mongodb.net
[27/7/2025, 14:49:40] Validating body: 
[27/7/2025, 14:49:40] Update BusinessProfile request: {"name":"dsdkjbvlkvbw","metaAccessToken":"d","metaAppId":"1"}
[27/7/2025, 14:49:50] Server running on port 5001
[27/7/2025, 14:49:50] MongoDB Connected: ac-hpitsto-shard-00-00.emmkmiu.mongodb.net
[27/7/2025, 14:50:48] Server running on port 5001
[27/7/2025, 14:50:49] MongoDB Connected: ac-hpitsto-shard-00-00.emmkmiu.mongodb.net
[27/7/2025, 14:50:51] Validating body: 
[27/7/2025, 14:50:51] Business profile updated successfully: {"_id":"6883158c56c226c3bf35938c","userId":"6883153a56c226c3bf359370","tenantId":"685a4c632a36a49fac5ab710","name":"dsdkjbvlkvbw","businessAddress":"","metaAccessToken":"d","metaAppId":"1","metaBusinessId":"1220709106476133","isDefault":false,"createdAt":"2025-07-25T05:26:36.882Z","updatedAt":"2025-07-27T09:20:51.364Z","__v":0}
[27/7/2025, 14:51:00] Server running on port 5001
[27/7/2025, 14:51:01] MongoDB Connected: ac-hpitsto-shard-00-00.emmkmiu.mongodb.net
[27/7/2025, 14:51:51] Validating body: 
[27/7/2025, 14:53:07] Server running on port 5001
[27/7/2025, 14:53:08] MongoDB Connected: ac-hpitsto-shard-00-01.emmkmiu.mongodb.net
[27/7/2025, 14:53:15] Server running on port 5001
[27/7/2025, 14:53:15] MongoDB Connected: ac-hpitsto-shard-00-01.emmkmiu.mongodb.net
[27/7/2025, 14:53:41] Server running on port 5001
[27/7/2025, 14:53:42] MongoDB Connected: ac-hpitsto-shard-00-02.emmkmiu.mongodb.net
[27/7/2025, 14:55:00] Server running on port 5001
[27/7/2025, 14:55:01] MongoDB Connected: ac-hpitsto-shard-00-02.emmkmiu.mongodb.net
[27/7/2025, 14:55:07] Update BusinessProfile data: {"status":200,"success":true,"message":"Business Profile updated successfully.","data":{"_id":"6883158c56c226c3bf35938c","userId":"6883153a56c226c3bf359370","tenantId":"685a4c632a36a49fac5ab710","name":"dsdkjbvlkvbw","businessAddress":"","metaAccessToken":"d","metaAppId":"1","metaBusinessId":"1220709106476133","isDefault":false,"createdAt":"2025-07-25T05:26:36.882Z","updatedAt":"2025-07-27T09:25:07.503Z","__v":0}}
[27/7/2025, 14:55:56] Server running on port 5001
[27/7/2025, 14:55:57] MongoDB Connected: ac-hpitsto-shard-00-01.emmkmiu.mongodb.net
[27/7/2025, 14:56:08] Server running on port 5001
[27/7/2025, 14:56:08] MongoDB Connected: ac-hpitsto-shard-00-00.emmkmiu.mongodb.net
[27/7/2025, 15:06:32] Server running on port 5001
[27/7/2025, 15:06:33] MongoDB Connected: ac-hpitsto-shard-00-00.emmkmiu.mongodb.net
<<<<<<< HEAD
[28/7/2025, 15:50:56] Server running on port 5001
[28/7/2025, 15:50:57] MongoDB Connected: ac-hpitsto-shard-00-00.emmkmiu.mongodb.net
[28/7/2025, 15:52:08] Server running on port 5001
[28/7/2025, 15:52:08] MongoDB Connected: ac-hpitsto-shard-00-00.emmkmiu.mongodb.net
[28/7/2025, 15:52:19] Server running on port 5001
[28/7/2025, 15:52:20] MongoDB Connected: ac-hpitsto-shard-00-00.emmkmiu.mongodb.net
[28/7/2025, 15:54:11] Server running on port 5001
[28/7/2025, 15:54:12] MongoDB Connected: ac-hpitsto-shard-00-00.emmkmiu.mongodb.net
[28/7/2025, 15:54:18] Validating $ {"_original":{"projectId":"688737673803284e7d52e8ea","contactId":"fields"},"details":[{"message":"Invalid ObjectId","path":["contactId"],"type":"custom","context":{"label":"contactId","value":"fields","key":"contactId"}},{"message":"\"projectId\" is not allowed","path":["projectId"],"type":"object.unknown","context":{"child":"projectId","label":"projectId","value":"688737673803284e7d52e8ea","key":"projectId"}}]}
[28/7/2025, 15:54:18] Validating $ {"_original":{"projectId":"688737673803284e7d52e8ea","contactId":"contactList"},"details":[{"message":"Invalid ObjectId","path":["contactId"],"type":"custom","context":{"label":"contactId","value":"contactList","key":"contactId"}},{"message":"\"projectId\" is not allowed","path":["projectId"],"type":"object.unknown","context":{"child":"projectId","label":"projectId","value":"688737673803284e7d52e8ea","key":"projectId"}}]}
[28/7/2025, 15:54:20] Fetched 1 templates for page 1 of 1
[28/7/2025, 15:54:59] Server running on port 5001
[28/7/2025, 15:55:00] MongoDB Connected: ac-hpitsto-shard-00-00.emmkmiu.mongodb.net
[28/7/2025, 15:55:07] Server running on port 5001
[28/7/2025, 15:55:08] MongoDB Connected: ac-hpitsto-shard-00-01.emmkmiu.mongodb.net
[28/7/2025, 15:55:45] Server running on port 5001
[28/7/2025, 15:55:45] MongoDB Connected: ac-hpitsto-shard-00-00.emmkmiu.mongodb.net
[28/7/2025, 15:56:27] Server running on port 5001
[28/7/2025, 15:56:27] MongoDB Connected: ac-hpitsto-shard-00-01.emmkmiu.mongodb.net
[28/7/2025, 15:57:39] Server running on port 5001
[28/7/2025, 15:57:40] MongoDB Connected: ac-hpitsto-shard-00-02.emmkmiu.mongodb.net
[28/7/2025, 15:57:50] Validating $ {"_original":{"projectId":"688737673803284e7d52e8ea","contactId":"contactList"},"details":[{"message":"Invalid ObjectId","path":["contactId"],"type":"custom","context":{"label":"contactId","value":"contactList","key":"contactId"}},{"message":"\"projectId\" is not allowed","path":["projectId"],"type":"object.unknown","context":{"child":"projectId","label":"projectId","value":"688737673803284e7d52e8ea","key":"projectId"}}]}
[28/7/2025, 15:57:50] Validating $ {"_original":{"projectId":"688737673803284e7d52e8ea","contactId":"fields"},"details":[{"message":"Invalid ObjectId","path":["contactId"],"type":"custom","context":{"label":"contactId","value":"fields","key":"contactId"}},{"message":"\"projectId\" is not allowed","path":["projectId"],"type":"object.unknown","context":{"child":"projectId","label":"projectId","value":"688737673803284e7d52e8ea","key":"projectId"}}]}
[28/7/2025, 15:58:03] Fetched 1 templates for page 1 of 1
[28/7/2025, 15:58:05] Fetched 1 templates for page 1 of 1
[28/7/2025, 15:58:07] Fetched 1 templates for page 1 of 1
[28/7/2025, 15:58:11] Validating $ {"_original":{"projectId":"688737673803284e7d52e8ea","contactId":"contactList"},"details":[{"message":"Invalid ObjectId","path":["contactId"],"type":"custom","context":{"label":"contactId","value":"contactList","key":"contactId"}},{"message":"\"projectId\" is not allowed","path":["projectId"],"type":"object.unknown","context":{"child":"projectId","label":"projectId","value":"688737673803284e7d52e8ea","key":"projectId"}}]}
[28/7/2025, 15:58:11] Validating $ {"_original":{"projectId":"688737673803284e7d52e8ea","contactId":"fields"},"details":[{"message":"Invalid ObjectId","path":["contactId"],"type":"custom","context":{"label":"contactId","value":"fields","key":"contactId"}},{"message":"\"projectId\" is not allowed","path":["projectId"],"type":"object.unknown","context":{"child":"projectId","label":"projectId","value":"688737673803284e7d52e8ea","key":"projectId"}}]}
[28/7/2025, 16:12:26] Server running on port 5001
[28/7/2025, 16:12:27] MongoDB Connected: ac-hpitsto-shard-00-00.emmkmiu.mongodb.net
[28/7/2025, 16:13:16] Fetched 1 templates for page 1 of 1
[28/7/2025, 16:13:56] Server running on port 5001
[28/7/2025, 16:13:57] MongoDB Connected: ac-hpitsto-shard-00-00.emmkmiu.mongodb.net
[28/7/2025, 16:14:27] Server running on port 5001
[28/7/2025, 16:14:28] MongoDB Connected: ac-hpitsto-shard-00-02.emmkmiu.mongodb.net
[28/7/2025, 16:15:53] Server running on port 5001
[28/7/2025, 16:15:53] MongoDB Connected: ac-hpitsto-shard-00-00.emmkmiu.mongodb.net
[28/7/2025, 16:16:24] Server running on port 5001
[28/7/2025, 16:16:25] MongoDB Connected: ac-hpitsto-shard-00-02.emmkmiu.mongodb.net
[28/7/2025, 16:16:46] Server running on port 5001
[28/7/2025, 16:16:46] MongoDB Connected: ac-hpitsto-shard-00-00.emmkmiu.mongodb.net
[28/7/2025, 16:16:57] Server running on port 5001
[28/7/2025, 16:16:58] MongoDB Connected: ac-hpitsto-shard-00-02.emmkmiu.mongodb.net
[28/7/2025, 16:17:24] Server running on port 5001
[28/7/2025, 16:17:24] MongoDB Connected: ac-hpitsto-shard-00-01.emmkmiu.mongodb.net
[28/7/2025, 16:17:59] Server running on port 5001
[28/7/2025, 16:18:00] MongoDB Connected: ac-hpitsto-shard-00-00.emmkmiu.mongodb.net
[28/7/2025, 16:18:46] Server running on port 5001
[28/7/2025, 16:18:47] MongoDB Connected: ac-hpitsto-shard-00-02.emmkmiu.mongodb.net
[28/7/2025, 16:19:27] Server running on port 5001
[28/7/2025, 16:19:28] MongoDB Connected: ac-hpitsto-shard-00-01.emmkmiu.mongodb.net
[28/7/2025, 16:20:01] Server running on port 5001
[28/7/2025, 16:20:02] MongoDB Connected: ac-hpitsto-shard-00-00.emmkmiu.mongodb.net
[28/7/2025, 16:22:31] Server running on port 5001
[28/7/2025, 16:22:32] MongoDB Connected: ac-hpitsto-shard-00-00.emmkmiu.mongodb.net
[28/7/2025, 16:22:44] Server running on port 5001
[28/7/2025, 16:22:44] MongoDB Connected: ac-hpitsto-shard-00-02.emmkmiu.mongodb.net
[28/7/2025, 16:23:49] Server running on port 5001
[28/7/2025, 16:23:50] MongoDB Connected: ac-hpitsto-shard-00-00.emmkmiu.mongodb.net
[28/7/2025, 16:24:20] Server running on port 5001
[28/7/2025, 16:24:20] MongoDB Connected: ac-hpitsto-shard-00-01.emmkmiu.mongodb.net
[28/7/2025, 16:29:40] Server running on port 5001
[28/7/2025, 16:29:42] MongoDB Connected: ac-hpitsto-shard-00-02.emmkmiu.mongodb.net
[28/7/2025, 16:29:56] Server running on port 5001
[28/7/2025, 16:29:56] MongoDB Connected: ac-hpitsto-shard-00-00.emmkmiu.mongodb.net
[28/7/2025, 16:32:37] Server running on port 5001
[28/7/2025, 16:32:38] MongoDB Connected: ac-hpitsto-shard-00-01.emmkmiu.mongodb.net
[28/7/2025, 16:32:42] Server running on port 5001
[28/7/2025, 16:32:43] MongoDB Connected: ac-hpitsto-shard-00-02.emmkmiu.mongodb.net
[28/7/2025, 16:33:12] Server running on port 5001
[28/7/2025, 16:33:13] MongoDB Connected: ac-hpitsto-shard-00-01.emmkmiu.mongodb.net
[28/7/2025, 16:33:48] Server running on port 5001
[28/7/2025, 16:33:49] MongoDB Connected: ac-hpitsto-shard-00-00.emmkmiu.mongodb.net
[28/7/2025, 16:34:06] Server running on port 5001
[28/7/2025, 16:34:06] MongoDB Connected: ac-hpitsto-shard-00-00.emmkmiu.mongodb.net
[28/7/2025, 16:35:26] Server running on port 5001
[28/7/2025, 16:35:27] MongoDB Connected: ac-hpitsto-shard-00-01.emmkmiu.mongodb.net
[28/7/2025, 16:39:09] Server running on port 5001
[28/7/2025, 16:39:10] MongoDB Connected: ac-hpitsto-shard-00-02.emmkmiu.mongodb.net
[28/7/2025, 16:39:21] Server running on port 5001
[28/7/2025, 16:39:22] MongoDB Connected: ac-hpitsto-shard-00-01.emmkmiu.mongodb.net
[28/7/2025, 16:40:56] Server running on port 5001
[28/7/2025, 16:40:56] MongoDB Connected: ac-hpitsto-shard-00-00.emmkmiu.mongodb.net
[28/7/2025, 16:41:06] Multi-archive request for group IDs: {"ids":["68873a1d3803284e7d52ea56"]}
[28/7/2025, 16:42:03] Server running on port 5001
[28/7/2025, 16:42:04] MongoDB Connected: ac-hpitsto-shard-00-01.emmkmiu.mongodb.net
[28/7/2025, 16:42:17] Server running on port 5001
[28/7/2025, 16:42:18] MongoDB Connected: ac-hpitsto-shard-00-02.emmkmiu.mongodb.net
[28/7/2025, 16:42:28] Bulk delete request for contact IDs: ["68873a323803284e7d52ea68"]
[28/7/2025, 16:43:23] Bulk delete request for contact IDs: ["68875b36a53e2abde3090bae","68875b4ea53e2abde3090bbc"]
[28/7/2025, 16:44:49] Server running on port 5001
[28/7/2025, 16:44:51] MongoDB Connected: ac-hpitsto-shard-00-02.emmkmiu.mongodb.net
[28/7/2025, 16:47:27] Server running on port 5001
[28/7/2025, 16:47:28] MongoDB Connected: ac-hpitsto-shard-00-01.emmkmiu.mongodb.net
[28/7/2025, 16:48:39] Server running on port 5001
[28/7/2025, 16:48:39] MongoDB Connected: ac-hpitsto-shard-00-02.emmkmiu.mongodb.net
[28/7/2025, 16:51:10] Multi-archive request for group IDs: {"ids":["68875d1abae7a15b7ea4709a"]}
[28/7/2025, 16:52:21] Server running on port 5001
[28/7/2025, 16:52:22] MongoDB Connected: ac-hpitsto-shard-00-01.emmkmiu.mongodb.net
[28/7/2025, 16:53:36] Server running on port 5001
[28/7/2025, 16:53:36] MongoDB Connected: ac-hpitsto-shard-00-01.emmkmiu.mongodb.net
[28/7/2025, 16:53:38] Server running on port 5001
[28/7/2025, 16:53:38] MongoDB Connected: ac-hpitsto-shard-00-00.emmkmiu.mongodb.net
[28/7/2025, 16:54:21] ðŸ“Œ Group IDs for contact: []
[28/7/2025, 16:56:06] Server running on port 5001
[28/7/2025, 16:56:06] MongoDB Connected: ac-hpitsto-shard-00-02.emmkmiu.mongodb.net
[28/7/2025, 16:56:12] ðŸ“Œ Existing groups found: []
[28/7/2025, 16:56:12] ðŸ“Œ Group IDs for contact: []
[28/7/2025, 16:56:44] Server running on port 5001
[28/7/2025, 16:56:45] MongoDB Connected: ac-hpitsto-shard-00-02.emmkmiu.mongodb.net
[28/7/2025, 16:57:34] ðŸ“Œ Existing groups found: []
[28/7/2025, 16:57:34] ðŸ“Œ Group IDs for contact: []
[28/7/2025, 16:58:02] Server running on port 5001
[28/7/2025, 16:58:03] MongoDB Connected: ac-hpitsto-shard-00-00.emmkmiu.mongodb.net
[28/7/2025, 16:58:11] Bulk delete request for contact IDs: ["68875d952ad0749adc987639","68875d952ad0749adc98763a","68875d952ad0749adc98763b"]
[28/7/2025, 16:58:57] ðŸ“Œ Existing groups found: []
[28/7/2025, 16:58:57] ðŸ“Œ Group IDs for contact: []
[28/7/2025, 17:00:43] Server running on port 5001
[28/7/2025, 17:00:45] MongoDB Connected: ac-hpitsto-shard-00-01.emmkmiu.mongodb.net
[28/7/2025, 17:01:17] A user connected: 13m1VuqI5lyelG3XAAAC
[28/7/2025, 17:01:17] A user connected: MpJ_wvCV8mp1mTm5AAAD
[28/7/2025, 17:01:18] A user connected: AsqokCGxfECB3Tc_AAAF
[28/7/2025, 17:01:25] User disconnected: 13m1VuqI5lyelG3XAAAC
[28/7/2025, 17:01:25] User disconnected: AsqokCGxfECB3Tc_AAAF
[28/7/2025, 17:01:25] User disconnected: MpJ_wvCV8mp1mTm5AAAD
[28/7/2025, 17:01:25] A user connected: 0GaV3W4dmaTGVJQbAAAI
[28/7/2025, 17:01:25] A user connected: lYFZm_FSUDrE2zTLAAAK
[28/7/2025, 17:01:25] A user connected: UTaPFrOWelcT6ME6AAAL
[28/7/2025, 17:01:26] User disconnected: 0GaV3W4dmaTGVJQbAAAI
[28/7/2025, 17:01:26] User disconnected: UTaPFrOWelcT6ME6AAAL
[28/7/2025, 17:01:26] User disconnected: lYFZm_FSUDrE2zTLAAAK
[28/7/2025, 17:01:27] A user connected: FaXN2imGtzT-miXjAAAO
[28/7/2025, 17:01:27] A user connected: HYSPXE4PGs6eISsVAAAP
[28/7/2025, 17:01:27] A user connected: cHTP5AFglOu6mr-vAAAR
[28/7/2025, 17:01:30] ðŸ“Œ Resolving group names to IDs: ["gp1"]
[28/7/2025, 17:01:30] ðŸ“Œ Tenant ID: "68870730cf57d11281eb4363" User ID: "688726580f70016036a6af53"
[28/7/2025, 17:01:30] ðŸ“Œ Existing groups found: []
[28/7/2025, 17:01:30] ðŸ“Œ Group IDs for contact: []
[28/7/2025, 17:01:45] User disconnected: HYSPXE4PGs6eISsVAAAP
[28/7/2025, 17:01:45] User disconnected: FaXN2imGtzT-miXjAAAO
[28/7/2025, 17:01:45] User disconnected: cHTP5AFglOu6mr-vAAAR
[28/7/2025, 17:01:45] A user connected: L2Bq7IFjZMNj24VzAAAU
[28/7/2025, 17:01:45] A user connected: X0GFEqThyviad9oNAAAV
[28/7/2025, 17:01:45] A user connected: aEzx7FPvHjn27yFOAAAX
[28/7/2025, 17:02:01] User disconnected: L2Bq7IFjZMNj24VzAAAU
[28/7/2025, 17:02:01] User disconnected: aEzx7FPvHjn27yFOAAAX
[28/7/2025, 17:02:01] User disconnected: X0GFEqThyviad9oNAAAV
[28/7/2025, 17:02:01] A user connected: As2nhLoG_GZoP39OAAAa
[28/7/2025, 17:02:01] A user connected: CyQCSLFESUkKVbj_AAAb
[28/7/2025, 17:02:01] A user connected: UlZX__LgjcjWaJn4AAAd
[28/7/2025, 17:02:11] A user connected: edSKjZaZ0PK71N4QAAAh
[28/7/2025, 17:02:11] A user connected: UE0o478WTIl6zMrHAAAi
[28/7/2025, 17:02:11] A user connected: bBfi688jfXyUSuMaAAAj
[28/7/2025, 17:02:35] Server running on port 5001
[28/7/2025, 17:02:36] A user connected: AjPtJYTXtTyAR3gAAAAC
[28/7/2025, 17:02:36] A user connected: e2C90YS4bGhxAMVLAAAD
[28/7/2025, 17:02:36] MongoDB Connected: ac-hpitsto-shard-00-02.emmkmiu.mongodb.net
[28/7/2025, 17:02:37] A user connected: rb1so7WB04KD1a5XAAAF
[28/7/2025, 17:02:37] A user connected: oJZYLSUw6W-oq0OZAAAH
[28/7/2025, 17:02:37] A user connected: 6ttStc6tWocgQRs3AAAJ
[28/7/2025, 17:02:38] A user connected: Ucxl_KI8R6IVONMOAAAL
[28/7/2025, 17:02:46] Bulk delete request for contact IDs: ["68875f92eb32e879a7bfe9b1","68875f92eb32e879a7bfe9b2","68875f92eb32e879a7bfe9b3"]
[28/7/2025, 17:02:51] User disconnected: e2C90YS4bGhxAMVLAAAD
[28/7/2025, 17:02:51] User disconnected: 6ttStc6tWocgQRs3AAAJ
[28/7/2025, 17:02:51] User disconnected: rb1so7WB04KD1a5XAAAF
[28/7/2025, 17:02:53] User disconnected: AjPtJYTXtTyAR3gAAAAC
[28/7/2025, 17:02:53] User disconnected: Ucxl_KI8R6IVONMOAAAL
[28/7/2025, 17:02:53] User disconnected: oJZYLSUw6W-oq0OZAAAH
[28/7/2025, 17:03:13] ðŸ“Œ Resolving group names to IDs: ["gp1"]
[28/7/2025, 17:03:13] ðŸ“Œ Tenant ID: "68870730cf57d11281eb4363" User ID: "688726580f70016036a6af53"
[28/7/2025, 17:03:13] ðŸ“Œ Existing groups found: [{"_id":"68875ae4044d713eaceb28f8","tenantId":"68870730cf57d11281eb4363","userId":"688726580f70016036a6af53","projectId":"688737673803284e7d52e8ea","title":"gp1","description":"dsc","isActive":true,"createdAt":"2025-07-28T11:11:32.054Z","updatedAt":"2025-07-28T11:11:32.058Z","__v":0}]
[28/7/2025, 17:03:13] ðŸ“Œ Group IDs for contact: ["68875ae4044d713eaceb28f8"]
[28/7/2025, 17:03:51] Server running on port 5001
[28/7/2025, 17:03:52] MongoDB Connected: ac-hpitsto-shard-00-00.emmkmiu.mongodb.net
[28/7/2025, 17:20:51] Fetched 1 templates for page 1 of 1
[28/7/2025, 17:21:11] Bulk delete request for contact IDs: ["68876389df38856c520caf74"]
[28/7/2025, 17:26:05] Server running on port 5001
[28/7/2025, 17:26:06] MongoDB Connected: ac-hpitsto-shard-00-02.emmkmiu.mongodb.net
=======
[28/7/2025, 12:40:19] Server running on port 5001
[28/7/2025, 12:40:20] MongoDB Connected: ac-hpitsto-shard-00-01.emmkmiu.mongodb.net
[28/7/2025, 12:40:30] Server running on port 5001
[28/7/2025, 12:40:31] MongoDB Connected: ac-hpitsto-shard-00-02.emmkmiu.mongodb.net
[28/7/2025, 12:42:10] Server running on port 5001
[28/7/2025, 12:42:11] MongoDB Connected: ac-hpitsto-shard-00-00.emmkmiu.mongodb.net
[28/7/2025, 12:42:24] Server running on port 5001
[28/7/2025, 12:42:24] MongoDB Connected: ac-hpitsto-shard-00-00.emmkmiu.mongodb.net
[28/7/2025, 12:42:40] Server running on port 5001
[28/7/2025, 12:42:40] MongoDB Connected: ac-hpitsto-shard-00-00.emmkmiu.mongodb.net
[28/7/2025, 12:42:51] Server running on port 5001
[28/7/2025, 12:42:52] MongoDB Connected: ac-hpitsto-shard-00-01.emmkmiu.mongodb.net
[28/7/2025, 12:42:54] Server running on port 5001
[28/7/2025, 12:42:55] MongoDB Connected: ac-hpitsto-shard-00-00.emmkmiu.mongodb.net
[28/7/2025, 12:43:37] Server running on port 5001
[28/7/2025, 12:43:38] MongoDB Connected: ac-hpitsto-shard-00-00.emmkmiu.mongodb.net
[28/7/2025, 12:49:54] Server running on port 5001
[28/7/2025, 12:49:55] MongoDB Connected: ac-hpitsto-shard-00-01.emmkmiu.mongodb.net
[28/7/2025, 12:50:25] Server running on port 5001
[28/7/2025, 12:50:26] MongoDB Connected: ac-hpitsto-shard-00-02.emmkmiu.mongodb.net
[28/7/2025, 12:51:12] Server running on port 5001
[28/7/2025, 12:51:13] MongoDB Connected: ac-hpitsto-shard-00-02.emmkmiu.mongodb.net
[28/7/2025, 12:52:14] Server running on port 5001
[28/7/2025, 12:52:16] MongoDB Connected: ac-hpitsto-shard-00-02.emmkmiu.mongodb.net
[28/7/2025, 12:52:38] Server running on port 5001
[28/7/2025, 12:52:39] MongoDB Connected: ac-hpitsto-shard-00-01.emmkmiu.mongodb.net
[28/7/2025, 12:52:58] Server running on port 5001
[28/7/2025, 12:52:58] MongoDB Connected: ac-hpitsto-shard-00-00.emmkmiu.mongodb.net
[28/7/2025, 12:53:31] Server running on port 5001
[28/7/2025, 12:53:31] MongoDB Connected: ac-hpitsto-shard-00-00.emmkmiu.mongodb.net
[28/7/2025, 12:53:37] Server running on port 5001
[28/7/2025, 12:53:38] MongoDB Connected: ac-hpitsto-shard-00-00.emmkmiu.mongodb.net
[28/7/2025, 12:53:41] Server running on port 5001
[28/7/2025, 12:53:42] MongoDB Connected: ac-hpitsto-shard-00-02.emmkmiu.mongodb.net
[28/7/2025, 12:54:41] Server running on port 5001
[28/7/2025, 12:54:41] MongoDB Connected: ac-hpitsto-shard-00-02.emmkmiu.mongodb.net
[28/7/2025, 12:55:10] Server running on port 5001
[28/7/2025, 12:55:10] MongoDB Connected: ac-hpitsto-shard-00-01.emmkmiu.mongodb.net
[28/7/2025, 12:55:14] Server running on port 5001
[28/7/2025, 12:55:14] MongoDB Connected: ac-hpitsto-shard-00-00.emmkmiu.mongodb.net
[28/7/2025, 12:55:29] Server running on port 5001
[28/7/2025, 12:55:29] MongoDB Connected: ac-hpitsto-shard-00-02.emmkmiu.mongodb.net
[28/7/2025, 12:56:13] Server running on port 5001
[28/7/2025, 12:56:14] MongoDB Connected: ac-hpitsto-shard-00-01.emmkmiu.mongodb.net
[28/7/2025, 12:58:08] Server running on port 5001
[28/7/2025, 12:58:09] MongoDB Connected: ac-hpitsto-shard-00-00.emmkmiu.mongodb.net
[28/7/2025, 12:58:10] User found: null
[28/7/2025, 12:58:54] Server running on port 5001
[28/7/2025, 12:58:55] MongoDB Connected: ac-hpitsto-shard-00-02.emmkmiu.mongodb.net
[28/7/2025, 12:59:08] Server running on port 5001
[28/7/2025, 12:59:09] MongoDB Connected: ac-hpitsto-shard-00-01.emmkmiu.mongodb.net
[28/7/2025, 12:59:34] Server running on port 5001
[28/7/2025, 12:59:35] MongoDB Connected: ac-hpitsto-shard-00-00.emmkmiu.mongodb.net
[28/7/2025, 12:59:57] Server running on port 5001
[28/7/2025, 12:59:57] MongoDB Connected: ac-hpitsto-shard-00-01.emmkmiu.mongodb.net
[28/7/2025, 13:56:55] Server running on port 5001
[28/7/2025, 13:56:56] MongoDB Connected: ac-hpitsto-shard-00-00.emmkmiu.mongodb.net
[28/7/2025, 14:08:24] Server running on port 5001
[28/7/2025, 14:08:26] Server running on port 5001
[28/7/2025, 14:08:26] MongoDB Connected: ac-hpitsto-shard-00-00.emmkmiu.mongodb.net
[28/7/2025, 14:33:55] Server running on port 5001
[28/7/2025, 14:33:56] MongoDB Connected: ac-hpitsto-shard-00-00.emmkmiu.mongodb.net
[28/7/2025, 14:34:21] Logout token: eyJhbGciOiJIUzI1NiIsInR5cCI6IkpXVCJ9.eyJpZCI6IjY4ODcyNjU4MGY3MDAxNjAzNmE2YWY1MyIsImlhdCI6MTc1MzY5Mjg0NSwiZXhwIjoxNzU2Mjg0ODQ1fQ.Oyh6skBiZHLRrlbdNawuL8xkPFEjHsSfo8buFeB4fwc
[28/7/2025, 14:34:21] Decoded token: {"id":"688726580f70016036a6af53","iat":1753692845,"exp":1756284845}
[28/7/2025, 14:34:21] Blacklisted token: {"token":"eyJhbGciOiJIUzI1NiIsInR5cCI6IkpXVCJ9.eyJpZCI6IjY4ODcyNjU4MGY3MDAxNjAzNmE2YWY1MyIsImlhdCI6MTc1MzY5Mjg0NSwiZXhwIjoxNzU2Mjg0ODQ1fQ.Oyh6skBiZHLRrlbdNawuL8xkPFEjHsSfo8buFeB4fwc","expiresAt":"2025-08-27T08:54:05.000Z","_id":"68873d151ce4cc4c048de0c4","__v":0}
[28/7/2025, 14:34:45] token "688726580f70016036a6af53" YOUR_VERY_STRONG_AND_RANDOM_SECRET_KEY
[28/7/2025, 14:35:20] Validating $ {"_original":{"projectId":"688737673803284e7d52e8ea","contactId":"contactList"},"details":[{"message":"Invalid ObjectId","path":["contactId"],"type":"custom","context":{"label":"contactId","value":"contactList","key":"contactId"}},{"message":"\"projectId\" is not allowed","path":["projectId"],"type":"object.unknown","context":{"child":"projectId","label":"projectId","value":"688737673803284e7d52e8ea","key":"projectId"}}]}
[28/7/2025, 14:35:20] Validating $ {"_original":{"projectId":"688737673803284e7d52e8ea","contactId":"fields"},"details":[{"message":"Invalid ObjectId","path":["contactId"],"type":"custom","context":{"label":"contactId","value":"fields","key":"contactId"}},{"message":"\"projectId\" is not allowed","path":["projectId"],"type":"object.unknown","context":{"child":"projectId","label":"projectId","value":"688737673803284e7d52e8ea","key":"projectId"}}]}
[28/7/2025, 14:35:24] Validating $ {"_original":{"projectId":"688737673803284e7d52e8ea","contactId":"contactList"},"details":[{"message":"Invalid ObjectId","path":["contactId"],"type":"custom","context":{"label":"contactId","value":"contactList","key":"contactId"}},{"message":"\"projectId\" is not allowed","path":["projectId"],"type":"object.unknown","context":{"child":"projectId","label":"projectId","value":"688737673803284e7d52e8ea","key":"projectId"}}]}
[28/7/2025, 14:35:24] Validating $ {"_original":{"projectId":"688737673803284e7d52e8ea","contactId":"fields"},"details":[{"message":"Invalid ObjectId","path":["contactId"],"type":"custom","context":{"label":"contactId","value":"fields","key":"contactId"}},{"message":"\"projectId\" is not allowed","path":["projectId"],"type":"object.unknown","context":{"child":"projectId","label":"projectId","value":"688737673803284e7d52e8ea","key":"projectId"}}]}
[28/7/2025, 14:35:27] Validating $ {"_original":{"projectId":"688737673803284e7d52e8ea","contactId":"contactList"},"details":[{"message":"Invalid ObjectId","path":["contactId"],"type":"custom","context":{"label":"contactId","value":"contactList","key":"contactId"}},{"message":"\"projectId\" is not allowed","path":["projectId"],"type":"object.unknown","context":{"child":"projectId","label":"projectId","value":"688737673803284e7d52e8ea","key":"projectId"}}]}
[28/7/2025, 14:35:27] Validating $ {"_original":{"projectId":"688737673803284e7d52e8ea","contactId":"fields"},"details":[{"message":"Invalid ObjectId","path":["contactId"],"type":"custom","context":{"label":"contactId","value":"fields","key":"contactId"}},{"message":"\"projectId\" is not allowed","path":["projectId"],"type":"object.unknown","context":{"child":"projectId","label":"projectId","value":"688737673803284e7d52e8ea","key":"projectId"}}]}
[28/7/2025, 14:35:47] Logout token: eyJhbGciOiJIUzI1NiIsInR5cCI6IkpXVCJ9.eyJpZCI6IjY4ODcyNjU4MGY3MDAxNjAzNmE2YWY1MyIsImVtYWlsIjoiZGlsaXAwNjIyOEBnbWFpbC5jb20iLCJpYXQiOjE3NTM2OTM0ODUsImV4cCI6MTc1NDI5ODI4NX0.4jl_2ohRu_fKV4w0c2jtiSIfMGKVSRyiz4dEGGf1N8U
[28/7/2025, 14:35:47] Decoded token: {"id":"688726580f70016036a6af53","email":"dilip06228@gmail.com","iat":1753693485,"exp":1754298285}
[28/7/2025, 14:35:47] Blacklisted token: {"token":"eyJhbGciOiJIUzI1NiIsInR5cCI6IkpXVCJ9.eyJpZCI6IjY4ODcyNjU4MGY3MDAxNjAzNmE2YWY1MyIsImVtYWlsIjoiZGlsaXAwNjIyOEBnbWFpbC5jb20iLCJpYXQiOjE3NTM2OTM0ODUsImV4cCI6MTc1NDI5ODI4NX0.4jl_2ohRu_fKV4w0c2jtiSIfMGKVSRyiz4dEGGf1N8U","expiresAt":"2025-08-04T09:04:45.000Z","_id":"68873d6b1ce4cc4c048de160","__v":0}
[28/7/2025, 14:35:53] token "688726580f70016036a6af53" YOUR_VERY_STRONG_AND_RANDOM_SECRET_KEY
[28/7/2025, 14:37:37] Validating $ {"_original":{"projectId":"688737673803284e7d52e8ea","contactId":"fields"},"details":[{"message":"Invalid ObjectId","path":["contactId"],"type":"custom","context":{"label":"contactId","value":"fields","key":"contactId"}},{"message":"\"projectId\" is not allowed","path":["projectId"],"type":"object.unknown","context":{"child":"projectId","label":"projectId","value":"688737673803284e7d52e8ea","key":"projectId"}}]}
[28/7/2025, 14:37:37] Validating $ {"_original":{"projectId":"688737673803284e7d52e8ea","contactId":"contactList"},"details":[{"message":"Invalid ObjectId","path":["contactId"],"type":"custom","context":{"label":"contactId","value":"contactList","key":"contactId"}},{"message":"\"projectId\" is not allowed","path":["projectId"],"type":"object.unknown","context":{"child":"projectId","label":"projectId","value":"688737673803284e7d52e8ea","key":"projectId"}}]}
[28/7/2025, 14:37:40] Fetched 1 templates for page 1 of 1
[28/7/2025, 14:37:44] Meta API response for template sync: {"data":[{"name":"hello_world","parameter_format":"POSITIONAL","components":[{"type":"HEADER","format":"TEXT","text":"Hello World"},{"type":"BODY","text":"Welcome and congratulations!! This message demonstrates your ability to send a WhatsApp message notification from the Cloud API, hosted by Meta. Thank you for taking the time to test with us."},{"type":"FOOTER","text":"WhatsApp Business Platform sample message"}],"language":"en_US","status":"APPROVED","category":"UTILITY","id":"2492593544437655"}],"paging":{"cursors":{"before":"MAZDZD","after":"MjQZD"}}}
[28/7/2025, 14:37:44] Processing Meta template: hello_world (en_US)
[28/7/2025, 14:37:44] Fetched 1 templates for page 1 of 1
[28/7/2025, 14:49:26] Server running on port 5001
[28/7/2025, 14:49:27] MongoDB Connected: ac-hpitsto-shard-00-01.emmkmiu.mongodb.net
[28/7/2025, 14:50:03] Server running on port 5001
[28/7/2025, 14:50:03] MongoDB Connected: ac-hpitsto-shard-00-02.emmkmiu.mongodb.net
>>>>>>> 8419bfe5f5761abe74ce04ee2854beab01216314
[28/7/2025, 17:32:10] Server running on port 5001
[28/7/2025, 17:32:11] MongoDB Connected: ac-hpitsto-shard-00-00.emmkmiu.mongodb.net
[28/7/2025, 17:32:43] Server running on port 5001
[28/7/2025, 17:32:43] MongoDB Connected: ac-hpitsto-shard-00-02.emmkmiu.mongodb.net
[28/7/2025, 17:32:45] Server running on port 5001
[28/7/2025, 17:32:46] MongoDB Connected: ac-hpitsto-shard-00-02.emmkmiu.mongodb.net
[28/7/2025, 17:32:48] Server running on port 5001
[28/7/2025, 17:32:49] MongoDB Connected: ac-hpitsto-shard-00-00.emmkmiu.mongodb.net
[28/7/2025, 17:33:54] Server running on port 5001
[28/7/2025, 17:33:55] MongoDB Connected: ac-hpitsto-shard-00-01.emmkmiu.mongodb.net
[28/7/2025, 17:34:07] Server running on port 5001
[28/7/2025, 17:34:08] MongoDB Connected: ac-hpitsto-shard-00-02.emmkmiu.mongodb.net
[28/7/2025, 17:35:00] Bulk delete request for contact IDs: ["68875ff912ff12a64ae72358"]
[28/7/2025, 17:35:18] Bulk delete request for contact IDs: ["688762b0df38856c520caf59","688764dbdf38856c520cb01d","68875ff912ff12a64ae72359","68875ff912ff12a64ae7235a"]
[28/7/2025, 17:35:38] Server running on port 5001
[28/7/2025, 17:35:39] MongoDB Connected: ac-hpitsto-shard-00-02.emmkmiu.mongodb.net
[28/7/2025, 17:36:02] Server running on port 5001
[28/7/2025, 17:36:02] MongoDB Connected: ac-hpitsto-shard-00-00.emmkmiu.mongodb.net
[28/7/2025, 17:36:06] Server running on port 5001
[28/7/2025, 17:36:07] MongoDB Connected: ac-hpitsto-shard-00-02.emmkmiu.mongodb.net
[28/7/2025, 17:36:12] Bulk delete request for contact IDs: ["688767a40361e402e7dd1a76"]
[28/7/2025, 17:37:05] Server running on port 5001
[28/7/2025, 17:37:06] MongoDB Connected: ac-hpitsto-shard-00-02.emmkmiu.mongodb.net
[28/7/2025, 17:37:42] Bulk delete request for contact IDs: ["688767a40361e402e7dd1a76","688767a40361e402e7dd1a77"]
[28/7/2025, 17:39:24] Server running on port 5001
[28/7/2025, 17:39:25] MongoDB Connected: ac-hpitsto-shard-00-02.emmkmiu.mongodb.net
[28/7/2025, 17:40:30] Multi-archive request for group IDs: {"ids":["68876044df38856c520cae73"]}
[28/7/2025, 17:41:14] Server running on port 5001
[28/7/2025, 17:41:16] MongoDB Connected: ac-hpitsto-shard-00-01.emmkmiu.mongodb.net
[28/7/2025, 17:41:18] Bulk delete request for contact IDs: ["688767a40361e402e7dd1a78"]
[28/7/2025, 17:42:32] Server running on port 5001
[28/7/2025, 17:42:32] MongoDB Connected: ac-hpitsto-shard-00-02.emmkmiu.mongodb.net
[28/7/2025, 17:44:12] Server running on port 5001
[28/7/2025, 17:44:13] MongoDB Connected: ac-hpitsto-shard-00-01.emmkmiu.mongodb.net
[28/7/2025, 17:44:31] Server running on port 5001
[28/7/2025, 17:44:31] MongoDB Connected: ac-hpitsto-shard-00-00.emmkmiu.mongodb.net
[28/7/2025, 17:44:42] Server running on port 5001
[28/7/2025, 17:44:42] MongoDB Connected: ac-hpitsto-shard-00-00.emmkmiu.mongodb.net
[28/7/2025, 17:44:58] Server running on port 5001
[28/7/2025, 17:44:58] MongoDB Connected: ac-hpitsto-shard-00-00.emmkmiu.mongodb.net
[28/7/2025, 17:45:18] Server running on port 5001
[28/7/2025, 17:45:19] MongoDB Connected: ac-hpitsto-shard-00-01.emmkmiu.mongodb.net
[28/7/2025, 17:45:37] Server running on port 5001
[28/7/2025, 17:45:38] MongoDB Connected: ac-hpitsto-shard-00-01.emmkmiu.mongodb.net
[28/7/2025, 17:45:42] Server running on port 5001
[28/7/2025, 17:45:43] MongoDB Connected: ac-hpitsto-shard-00-00.emmkmiu.mongodb.net
[28/7/2025, 17:45:48] Server running on port 5001
[28/7/2025, 17:45:48] MongoDB Connected: ac-hpitsto-shard-00-00.emmkmiu.mongodb.net
[28/7/2025, 17:47:00] token "6887138c5ce662ddebdba1f4" YOUR_VERY_STRONG_AND_RANDOM_SECRET_KEY
[28/7/2025, 17:53:47] Server running on port 5001
[28/7/2025, 17:53:48] MongoDB Connected: ac-hpitsto-shard-00-00.emmkmiu.mongodb.net
[28/7/2025, 17:54:09] Server running on port 5001
[28/7/2025, 17:54:09] MongoDB Connected: ac-hpitsto-shard-00-00.emmkmiu.mongodb.net
[28/7/2025, 17:54:23] Server running on port 5001
[28/7/2025, 17:54:24] MongoDB Connected: ac-hpitsto-shard-00-00.emmkmiu.mongodb.net
[28/7/2025, 17:54:51] Server running on port 5001
[28/7/2025, 17:54:51] MongoDB Connected: ac-hpitsto-shard-00-00.emmkmiu.mongodb.net
[28/7/2025, 17:55:27] Server running on port 5001
[28/7/2025, 17:55:27] MongoDB Connected: ac-hpitsto-shard-00-01.emmkmiu.mongodb.net
[28/7/2025, 17:57:04] Server running on port 5001
[28/7/2025, 17:57:06] MongoDB Connected: ac-hpitsto-shard-00-00.emmkmiu.mongodb.net
[28/7/2025, 17:57:11] Server running on port 5001
[28/7/2025, 17:57:11] MongoDB Connected: ac-hpitsto-shard-00-01.emmkmiu.mongodb.net
[28/7/2025, 17:57:47] Server running on port 5001
[28/7/2025, 17:57:48] MongoDB Connected: ac-hpitsto-shard-00-00.emmkmiu.mongodb.net
[28/7/2025, 17:58:24] Server running on port 5001
[28/7/2025, 17:58:25] MongoDB Connected: ac-hpitsto-shard-00-00.emmkmiu.mongodb.net
[28/7/2025, 17:58:34] Server running on port 5001
[28/7/2025, 17:58:34] MongoDB Connected: ac-hpitsto-shard-00-02.emmkmiu.mongodb.net
[28/7/2025, 17:58:52] Server running on port 5001
[28/7/2025, 17:58:52] MongoDB Connected: ac-hpitsto-shard-00-02.emmkmiu.mongodb.net
[28/7/2025, 17:58:57] Server running on port 5001
[28/7/2025, 17:58:58] MongoDB Connected: ac-hpitsto-shard-00-01.emmkmiu.mongodb.net
[28/7/2025, 17:59:05] Server running on port 5001
[28/7/2025, 17:59:06] MongoDB Connected: ac-hpitsto-shard-00-01.emmkmiu.mongodb.net
[28/7/2025, 18:04:03] Server running on port 5001
[28/7/2025, 18:04:03] MongoDB Connected: ac-hpitsto-shard-00-02.emmkmiu.mongodb.net
[28/7/2025, 18:05:01] Server running on port 5001
[28/7/2025, 18:05:01] MongoDB Connected: ac-hpitsto-shard-00-00.emmkmiu.mongodb.net
[28/7/2025, 18:07:19] Multi-archive request for group IDs: {"ids":["68876044df38856c520cae73"]}
[28/7/2025, 18:08:28] token "688726580f70016036a6af53" YOUR_VERY_STRONG_AND_RANDOM_SECRET_KEY
[28/7/2025, 18:09:11] Server running on port 5001
[28/7/2025, 18:09:12] MongoDB Connected: ac-hpitsto-shard-00-00.emmkmiu.mongodb.net
[28/7/2025, 18:10:12] Server running on port 5001
[28/7/2025, 18:10:13] MongoDB Connected: ac-hpitsto-shard-00-00.emmkmiu.mongodb.net
[28/7/2025, 18:10:41] Server running on port 5001
[28/7/2025, 18:10:42] MongoDB Connected: ac-hpitsto-shard-00-01.emmkmiu.mongodb.net
[28/7/2025, 18:10:43] Server running on port 5001
[28/7/2025, 18:10:44] MongoDB Connected: ac-hpitsto-shard-00-01.emmkmiu.mongodb.net
[28/7/2025, 18:10:50] Server running on port 5001
[28/7/2025, 18:10:51] MongoDB Connected: ac-hpitsto-shard-00-01.emmkmiu.mongodb.net
[28/7/2025, 18:11:13] Server running on port 5001
[28/7/2025, 18:11:14] MongoDB Connected: ac-hpitsto-shard-00-01.emmkmiu.mongodb.net
[28/7/2025, 18:11:53] token "688726580f70016036a6af53" YOUR_VERY_STRONG_AND_RANDOM_SECRET_KEY
[28/7/2025, 18:12:34] Server running on port 5001
[28/7/2025, 18:12:34] MongoDB Connected: ac-hpitsto-shard-00-00.emmkmiu.mongodb.net
[28/7/2025, 18:12:44] token "68876feb2f88cb967ea49a3e" YOUR_VERY_STRONG_AND_RANDOM_SECRET_KEY
[28/7/2025, 18:13:04] Server running on port 5001
[28/7/2025, 18:13:04] MongoDB Connected: ac-hpitsto-shard-00-02.emmkmiu.mongodb.net
[28/7/2025, 18:13:32] Multi-archive request for group IDs: {"ids":["6887706cad7b8247d2df110f"]}
[28/7/2025, 18:14:31] Server running on port 5001
[28/7/2025, 18:14:32] MongoDB Connected: ac-hpitsto-shard-00-02.emmkmiu.mongodb.net
[28/7/2025, 18:14:38] Bulk delete request for contact IDs: ["688770a7ad7b8247d2df118b"]
[28/7/2025, 18:14:46] Server running on port 5001
[28/7/2025, 18:14:46] MongoDB Connected: ac-hpitsto-shard-00-02.emmkmiu.mongodb.net
[28/7/2025, 18:14:53] Server running on port 5001
[28/7/2025, 18:14:54] MongoDB Connected: ac-hpitsto-shard-00-01.emmkmiu.mongodb.net
[28/7/2025, 18:14:57] Server running on port 5001
[28/7/2025, 18:14:58] MongoDB Connected: ac-hpitsto-shard-00-01.emmkmiu.mongodb.net
[28/7/2025, 18:15:01] Server running on port 5001
[28/7/2025, 18:15:02] MongoDB Connected: ac-hpitsto-shard-00-02.emmkmiu.mongodb.net
[28/7/2025, 18:15:04] Server running on port 5001
[28/7/2025, 18:15:05] MongoDB Connected: ac-hpitsto-shard-00-02.emmkmiu.mongodb.net
[28/7/2025, 18:15:11] Server running on port 5001
[28/7/2025, 18:15:11] MongoDB Connected: ac-hpitsto-shard-00-02.emmkmiu.mongodb.net
[28/7/2025, 18:15:17] Server running on port 5001
[28/7/2025, 18:15:17] MongoDB Connected: ac-hpitsto-shard-00-02.emmkmiu.mongodb.net
[28/7/2025, 18:15:20] Server running on port 5001
[28/7/2025, 18:15:21] MongoDB Connected: ac-hpitsto-shard-00-01.emmkmiu.mongodb.net
[28/7/2025, 18:15:23] Server running on port 5001
[28/7/2025, 18:15:23] MongoDB Connected: ac-hpitsto-shard-00-01.emmkmiu.mongodb.net
[28/7/2025, 18:15:24] token "68876feb2f88cb967ea49a3e" YOUR_VERY_STRONG_AND_RANDOM_SECRET_KEY
[28/7/2025, 18:15:26] Server running on port 5001
[28/7/2025, 18:15:26] MongoDB Connected: ac-hpitsto-shard-00-00.emmkmiu.mongodb.net
[28/7/2025, 18:15:29] Server running on port 5001
[28/7/2025, 18:15:30] MongoDB Connected: ac-hpitsto-shard-00-01.emmkmiu.mongodb.net
[28/7/2025, 18:15:32] Server running on port 5001
[28/7/2025, 18:15:32] MongoDB Connected: ac-hpitsto-shard-00-01.emmkmiu.mongodb.net
[28/7/2025, 18:15:35] Server running on port 5001
[28/7/2025, 18:15:35] MongoDB Connected: ac-hpitsto-shard-00-01.emmkmiu.mongodb.net
[28/7/2025, 18:15:38] Server running on port 5001
[28/7/2025, 18:15:38] MongoDB Connected: ac-hpitsto-shard-00-02.emmkmiu.mongodb.net
[28/7/2025, 18:15:41] Server running on port 5001
[28/7/2025, 18:15:42] MongoDB Connected: ac-hpitsto-shard-00-02.emmkmiu.mongodb.net
[28/7/2025, 18:15:44] Server running on port 5001
[28/7/2025, 18:15:45] MongoDB Connected: ac-hpitsto-shard-00-00.emmkmiu.mongodb.net
[28/7/2025, 18:15:52] Server running on port 5001
[28/7/2025, 18:15:52] MongoDB Connected: ac-hpitsto-shard-00-00.emmkmiu.mongodb.net
[28/7/2025, 18:15:56] Server running on port 5001
[28/7/2025, 18:15:57] MongoDB Connected: ac-hpitsto-shard-00-01.emmkmiu.mongodb.net
[28/7/2025, 18:16:01] Server running on port 5001
[28/7/2025, 18:16:02] MongoDB Connected: ac-hpitsto-shard-00-00.emmkmiu.mongodb.net
[28/7/2025, 18:16:03] token "68876feb2f88cb967ea49a3e" YOUR_VERY_STRONG_AND_RANDOM_SECRET_KEY
[28/7/2025, 18:16:04] Server running on port 5001
[28/7/2025, 18:16:04] MongoDB Connected: ac-hpitsto-shard-00-00.emmkmiu.mongodb.net
[28/7/2025, 18:16:10] Server running on port 5001
[28/7/2025, 18:16:11] MongoDB Connected: ac-hpitsto-shard-00-00.emmkmiu.mongodb.net
[28/7/2025, 18:17:27] Server running on port 5001
[28/7/2025, 18:17:27] MongoDB Connected: ac-hpitsto-shard-00-01.emmkmiu.mongodb.net
[28/7/2025, 18:17:28] token "68876feb2f88cb967ea49a3e" YOUR_VERY_STRONG_AND_RANDOM_SECRET_KEY
[28/7/2025, 18:18:15] token "6887138c5ce662ddebdba1f4" YOUR_VERY_STRONG_AND_RANDOM_SECRET_KEY
[28/7/2025, 18:18:16] Server running on port 5001
[28/7/2025, 18:18:17] MongoDB Connected: ac-hpitsto-shard-00-00.emmkmiu.mongodb.net
[28/7/2025, 18:18:25] token "6887138c5ce662ddebdba1f4" YOUR_VERY_STRONG_AND_RANDOM_SECRET_KEY
[28/7/2025, 18:18:28] Server running on port 5001
[28/7/2025, 18:18:29] MongoDB Connected: ac-hpitsto-shard-00-00.emmkmiu.mongodb.net
[28/7/2025, 18:18:56] token "6887138c5ce662ddebdba1f4" YOUR_VERY_STRONG_AND_RANDOM_SECRET_KEY
[28/7/2025, 18:20:07] Server running on port 5001
[28/7/2025, 18:20:08] MongoDB Connected: ac-hpitsto-shard-00-02.emmkmiu.mongodb.net
[28/7/2025, 18:22:01] Server running on port 5001
[28/7/2025, 18:22:02] MongoDB Connected: ac-hpitsto-shard-00-01.emmkmiu.mongodb.net
[28/7/2025, 18:22:08] Server running on port 5001
[28/7/2025, 18:22:09] MongoDB Connected: ac-hpitsto-shard-00-02.emmkmiu.mongodb.net
[28/7/2025, 18:22:40] Server running on port 5001
[28/7/2025, 18:22:40] MongoDB Connected: ac-hpitsto-shard-00-02.emmkmiu.mongodb.net
[28/7/2025, 18:34:58] token "6887138c5ce662ddebdba1f4" YOUR_VERY_STRONG_AND_RANDOM_SECRET_KEY
[28/7/2025, 18:38:06] ðŸ” [updateUser] Called
[28/7/2025, 18:38:06] ðŸ§¾ [updateUser] Param User ID: 6887138c5ce662ddebdba1f4
[28/7/2025, 18:38:06] ðŸ§¾ [updateUser] Token User ID: "6887138c5ce662ddebdba1f4"
[28/7/2025, 18:38:06] ðŸ§¾ [updateUser] Tenant ID: "68870730cf57d11281eb4363"
[28/7/2025, 18:38:06] ðŸ“¥ [updateUser] Incoming Body: {"name":"yogesh","email":"yogesh@gmail.com","companySize":"","timezone":"","state":"RAJASTHAN","country":"India","industry":"","currency":"","firstName":"","lastName":"","gender":"","dob":"","profilePicture":""}
[28/7/2025, 18:38:06] ðŸ” [updateUser] Finding user with ID, tenantId, and email...
[28/7/2025, 18:38:06] âœï¸ [updateUser] Updating user fields...
[28/7/2025, 18:38:06] âœ… [updateUser] User updated successfully
[29/7/2025, 10:11:54] Server running on port 5001
[29/7/2025, 10:11:55] MongoDB Connected: ac-hpitsto-shard-00-00.emmkmiu.mongodb.net
[29/7/2025, 10:12:00] A user connected: J2jMjKqaaNwW429eAAAB
[29/7/2025, 10:12:03] A user connected: tmlouzdWdKRcFgWbAAAD
[29/7/2025, 10:22:43] User disconnected: tmlouzdWdKRcFgWbAAAD
[29/7/2025, 10:22:43] User disconnected: J2jMjKqaaNwW429eAAAB
[29/7/2025, 10:22:46] A user connected: x9xDIIPc73kDfPJaAAAF
[29/7/2025, 10:22:47] A user connected: k69MwmHv9mwnO7DDAAAH
[29/7/2025, 10:27:53] A user connected: Lr31y4Xy-CmT8y77AAAK
[29/7/2025, 10:27:53] A user connected: tFa6jWP9n2wpbIZhAAAL
[29/7/2025, 10:28:25] User disconnected: Lr31y4Xy-CmT8y77AAAK
[29/7/2025, 10:28:25] User disconnected: tFa6jWP9n2wpbIZhAAAL
[29/7/2025, 10:28:27] A user connected: LrokwXrJeuUjWLM1AAAO
[29/7/2025, 10:28:27] A user connected: 4YCr87QscKDB4Q36AAAP
[29/7/2025, 10:31:13] User disconnected: 4YCr87QscKDB4Q36AAAP
[29/7/2025, 10:31:13] User disconnected: LrokwXrJeuUjWLM1AAAO
[29/7/2025, 10:31:16] A user connected: a3SggV5oU1596fx0AAAS
[29/7/2025, 10:31:16] A user connected: p0S7uPLsh1YD0YEKAAAT
[29/7/2025, 10:33:55] User disconnected: a3SggV5oU1596fx0AAAS
[29/7/2025, 10:33:55] User disconnected: p0S7uPLsh1YD0YEKAAAT
[29/7/2025, 10:33:58] A user connected: E0DWMNyVu-GnvC6lAAAW
[29/7/2025, 10:33:58] A user connected: oFbY-4mn0POqvDhIAAAX
[29/7/2025, 10:33:58] User disconnected: oFbY-4mn0POqvDhIAAAX
[29/7/2025, 10:33:58] User disconnected: E0DWMNyVu-GnvC6lAAAW
[29/7/2025, 10:34:03] User disconnected: x9xDIIPc73kDfPJaAAAF
[29/7/2025, 10:34:03] User disconnected: k69MwmHv9mwnO7DDAAAH
[29/7/2025, 10:34:07] A user connected: xw2R7Bf8Ul2qr1t6AAAZ
[29/7/2025, 10:34:08] A user connected: VwCL1x54aLW1f_TqAAAb
[29/7/2025, 10:36:47] A user connected: pYBw5w7u2aIDTqp7AAAe
[29/7/2025, 10:36:47] A user connected: rfUKBPjyxV_wTF4TAAAf
[29/7/2025, 10:38:35] User disconnected: VwCL1x54aLW1f_TqAAAb
[29/7/2025, 10:38:35] User disconnected: xw2R7Bf8Ul2qr1t6AAAZ
[29/7/2025, 10:38:37] A user connected: plTpMWvnQgRKhsKTAAAh
[29/7/2025, 10:38:37] A user connected: eMPlUdjbv4_3J9-LAAAj
[29/7/2025, 10:39:28] User disconnected: plTpMWvnQgRKhsKTAAAh
[29/7/2025, 10:39:28] User disconnected: eMPlUdjbv4_3J9-LAAAj
[29/7/2025, 10:40:27] A user connected: Tk0ZHZs1khspkRN6AAAm
[29/7/2025, 10:40:27] A user connected: C6_Oiut7KQh0wU9JAAAn
[29/7/2025, 10:40:31] User disconnected: rfUKBPjyxV_wTF4TAAAf
[29/7/2025, 10:40:31] User disconnected: pYBw5w7u2aIDTqp7AAAe
[29/7/2025, 10:40:37] A user connected: 3o6AGtWPjLf5wW-1AAAq
[29/7/2025, 10:40:37] A user connected: yVmUnhLTisELjJFvAAAr
[29/7/2025, 10:40:39] User disconnected: C6_Oiut7KQh0wU9JAAAn
[29/7/2025, 10:40:39] User disconnected: Tk0ZHZs1khspkRN6AAAm
[29/7/2025, 10:41:57] Server running on port 5001
[29/7/2025, 10:41:59] A user connected: rqapYJXr5V6VWjspAAAB
[29/7/2025, 10:41:59] A user connected: KZi6R-qudeUABEHlAAAD
[29/7/2025, 10:42:00] MongoDB Connected: ac-hpitsto-shard-00-02.emmkmiu.mongodb.net
[29/7/2025, 10:42:02] Server running on port 5001
[29/7/2025, 10:42:03] A user connected: OVKZr7XNtBqfshsKAAAB
[29/7/2025, 10:42:03] A user connected: vDnP7yZDabYJ2fpSAAAD
[29/7/2025, 10:42:03] MongoDB Connected: ac-hpitsto-shard-00-02.emmkmiu.mongodb.net
[29/7/2025, 10:42:06] Server running on port 5001
[29/7/2025, 10:42:07] MongoDB Connected: ac-hpitsto-shard-00-01.emmkmiu.mongodb.net
[29/7/2025, 10:42:07] A user connected: NrcTydGymUiQ3IbeAAAB
[29/7/2025, 10:42:08] A user connected: O4I_j7Yvr4eIzst9AAAD
[29/7/2025, 10:42:23] Server running on port 5001
[29/7/2025, 10:42:23] A user connected: UWO6-OhKWJWt7PK5AAAB
[29/7/2025, 10:42:23] A user connected: kkWJdaXWb5eiQ9lsAAAD
[29/7/2025, 10:42:26] MongoDB Connected: ac-hpitsto-shard-00-01.emmkmiu.mongodb.net
[29/7/2025, 10:42:29] Server running on port 5001
[29/7/2025, 10:42:29] A user connected: xlxDuCDaTbW4pb_zAAAB
[29/7/2025, 10:42:30] MongoDB Connected: ac-hpitsto-shard-00-00.emmkmiu.mongodb.net
[29/7/2025, 10:42:32] A user connected: IzD_8V7NnAnh_YBvAAAD
[29/7/2025, 10:42:40] Server running on port 5001
[29/7/2025, 10:42:40] A user connected: dcoZkEvxm3WAPW2yAAAB
[29/7/2025, 10:42:40] MongoDB Connected: ac-hpitsto-shard-00-02.emmkmiu.mongodb.net
[29/7/2025, 10:42:42] A user connected: YJEi9Md7yFxBEV-kAAAD
[29/7/2025, 10:42:51] Server running on port 5001
[29/7/2025, 10:42:51] A user connected: fmEeJFr3fHJrdaNfAAAB
[29/7/2025, 10:42:52] A user connected: ZKXvMxle7wIkzZRLAAAD
[29/7/2025, 10:42:57] MongoDB Connected: ac-hpitsto-shard-00-00.emmkmiu.mongodb.net
[29/7/2025, 10:43:06] Server running on port 5001
[29/7/2025, 10:43:06] A user connected: OVnl9CZzm-KBlMRuAAAB
[29/7/2025, 10:43:07] A user connected: 5Em2KkRdipBstu5OAAAD
[29/7/2025, 10:43:07] MongoDB Connected: ac-hpitsto-shard-00-02.emmkmiu.mongodb.net
[29/7/2025, 10:43:22] Server running on port 5001
[29/7/2025, 10:43:22] A user connected: yoHj3X3n4ueEZ0onAAAB
[29/7/2025, 10:43:22] A user connected: jL_Q4_C8v1m7AP89AAAD
[29/7/2025, 10:43:23] MongoDB Connected: ac-hpitsto-shard-00-01.emmkmiu.mongodb.net
[29/7/2025, 10:43:46] Server running on port 5001
[29/7/2025, 10:43:47] A user connected: WDoycgjnm5BFgKvmAAAB
[29/7/2025, 10:43:47] MongoDB Connected: ac-hpitsto-shard-00-00.emmkmiu.mongodb.net
[29/7/2025, 10:43:48] A user connected: uYuBOBiiWIsYzz7OAAAD
[29/7/2025, 10:43:50] Server running on port 5001
[29/7/2025, 10:43:50] A user connected: NmnmacPPlPaM3o-zAAAB
[29/7/2025, 10:43:51] MongoDB Connected: ac-hpitsto-shard-00-01.emmkmiu.mongodb.net
[29/7/2025, 10:43:52] A user connected: qgEMXp9EyXdWUQ1-AAAD
[29/7/2025, 10:44:14] Server running on port 5001
[29/7/2025, 10:44:14] A user connected: socrp67NDjnnr5VKAAAB
[29/7/2025, 10:44:15] A user connected: dFXDYnzR1HRPCsXCAAAD
[29/7/2025, 10:44:15] MongoDB Connected: ac-hpitsto-shard-00-01.emmkmiu.mongodb.net
[29/7/2025, 10:44:44] Server running on port 5001
[29/7/2025, 10:44:44] A user connected: nd__MSySxH0EXHyPAAAB
[29/7/2025, 10:44:44] A user connected: j60TxbPyVVciXib-AAAD
[29/7/2025, 10:44:45] MongoDB Connected: ac-hpitsto-shard-00-00.emmkmiu.mongodb.net
[29/7/2025, 10:45:03] User disconnected: nd__MSySxH0EXHyPAAAB
[29/7/2025, 10:45:03] User disconnected: j60TxbPyVVciXib-AAAD
[29/7/2025, 10:45:03] A user connected: U_kJAsrBM_Wy6hhRAAAG
[29/7/2025, 10:45:03] A user connected: CufhdpBLYMl-KF5GAAAH
[29/7/2025, 10:45:20] User disconnected: U_kJAsrBM_Wy6hhRAAAG
[29/7/2025, 10:45:20] User disconnected: CufhdpBLYMl-KF5GAAAH
[29/7/2025, 10:45:21] A user connected: g0g6gwN1gjJjnMpxAAAK
[29/7/2025, 10:45:21] A user connected: 4CN7Ir-oyyu5JShjAAAL
[29/7/2025, 10:45:56] User disconnected: 4CN7Ir-oyyu5JShjAAAL
[29/7/2025, 10:45:56] User disconnected: g0g6gwN1gjJjnMpxAAAK
[29/7/2025, 10:45:59] A user connected: gwDgLTwJ6LenTIuBAAAO
[29/7/2025, 10:45:59] A user connected: 8OsiDZwlYX8yTuA7AAAP
